2012-06-13 10:39:53 : No key specified
6217707 @ 2012-06-13 10:44:43 : No key specified
8939956 @ 2012-06-13 10:45:59 : Connection accepted from gitlab
8939956 @ 2012-06-13 10:45:59 : No data submitted.
1539823 @ 2012-06-13 10:47:51 : Connection accepted from gitlab
1539823 @ 2012-06-13 10:47:51 : No data submitted.
7929450 172.16.0.108 @ 2012-06-13 10:49:21 : Connection accepted from gitlab
7929450 172.16.0.108 @ 2012-06-13 10:49:21 : No data submitted.
1414890 172.16.0.64 @ 2012-06-13 10:51:02 : Connection accepted from gitlab
1414890 172.16.0.64 @ 2012-06-13 10:51:02 : No data submitted.
 172.16.0.108 @ 2012-06-13 10:52:54 : Array
(
)

3336856 172.16.0.108 @ 2012-06-13 10:52:54 : Connection accepted from gitlab
3336856 172.16.0.108 @ 2012-06-13 10:52:54 : No data submitted.
3385922 172.16.0.108 @ 2012-06-13 10:53:57 : _POST obj: Array
(
)

3385922 172.16.0.108 @ 2012-06-13 10:53:57 : Connection accepted from gitlab
3385922 172.16.0.108 @ 2012-06-13 10:53:57 : No data submitted.
6912005 172.16.0.64 @ 2012-06-13 10:54:09 : _POST obj: Array
(
)

6912005 172.16.0.64 @ 2012-06-13 10:54:09 : Connection accepted from gitlab
6912005 172.16.0.64 @ 2012-06-13 10:54:09 : No data submitted.
2712648 172.16.0.108 @ 2012-06-13 10:55:37 : _POST obj: Array
(
)

2712648 172.16.0.108 @ 2012-06-13 10:55:37 : _GET obj: Array
(
    [k] => 5aef35982fb2d34e9d9d4502f6ede1072793222d
)

2712648 172.16.0.108 @ 2012-06-13 10:55:37 : Connection accepted from gitlab
2712648 172.16.0.108 @ 2012-06-13 10:55:37 : No data submitted.
5805528 172.16.0.64 @ 2012-06-13 11:05:55 : _POST obj: Array
(
)

5805528 172.16.0.64 @ 2012-06-13 11:05:55 : _GET obj: Array
(
    [k] => 5aef35982fb2d34e9d9d4502f6ede1072793222d
)

5805528 172.16.0.64 @ 2012-06-13 11:05:55 : Connection accepted from gitlab
5805528 172.16.0.64 @ 2012-06-13 11:05:55 : No data submitted.
6866284 172.16.0.109 @ 2012-06-13 11:07:38 : _POST obj: Array
(
    [payload] => {  "before": "5aef35982fb2d34e9d9d4502f6ede1072793222d",  "user_id": 4,
     "user_name":"John Smith", "repository": {    "url": "http://github.com/defunkt/github",    "name": "github",    "description": "You're lookin' at it.",    "watchers": 5,    "forks": 2,    "private": 1,    "owner": {      "email": "chris@ozmm.org",      "name": "defunkt"    }  },  "commits": [    {      "id": "41a212ee83ca127e3c8cf465891ab7216a705f59",      "url": "http://github.com/defunkt/github/commit/41a212ee83ca127e3c8cf465891ab7216a705f59",      "author": {        "email": "chris@ozmm.org",        "name": "Chris Wanstrath"      },      "message": "okay i give in",      "timestamp": "2008-02-15T14:57:17-08:00",      "added": ["filepath.rb"]    },    {      "id": "de8251ff97ee194a289832576287d6f8ad74e3d0",      "url": "http://github.com/defunkt/github/commit/de8251ff97ee194a289832576287d6f8ad74e3d0",      "author": {        "email": "chris@ozmm.org",        "name": "Chris Wanstrath"      },      "message": "update pricing a tad",      "timestamp": "2008-02-15T14:36:34-08:00"    }  ],  "after": "de8251ff97ee194a289832576287d6f8ad74e3d0",  "ref": "refs/heads/master"}

)

6866284 172.16.0.109 @ 2012-06-13 11:07:38 : _GET obj: Array
(
)

6866284 172.16.0.109 @ 2012-06-13 11:07:38 : No key specified
5361570 172.16.0.109 @ 2012-06-13 11:08:10 : _POST obj: Array
(
    [payload] => {  "before": "5aef35982fb2d34e9d9d4502f6ede1072793222d",  "user_id": 4,
     "user_name":"John Smith", "repository": {    "url": "http://github.com/defunkt/github",    "name": "github",    "description": "You're lookin' at it.",    "watchers": 5,    "forks": 2,    "private": 1,    "owner": {      "email": "chris@ozmm.org",      "name": "defunkt"    }  },  "commits": [    {      "id": "41a212ee83ca127e3c8cf465891ab7216a705f59",      "url": "http://github.com/defunkt/github/commit/41a212ee83ca127e3c8cf465891ab7216a705f59",      "author": {        "email": "chris@ozmm.org",        "name": "Chris Wanstrath"      },      "message": "okay i give in",      "timestamp": "2008-02-15T14:57:17-08:00",      "added": ["filepath.rb"]    },    {      "id": "de8251ff97ee194a289832576287d6f8ad74e3d0",      "url": "http://github.com/defunkt/github/commit/de8251ff97ee194a289832576287d6f8ad74e3d0",      "author": {        "email": "chris@ozmm.org",        "name": "Chris Wanstrath"      },      "message": "update pricing a tad",      "timestamp": "2008-02-15T14:36:34-08:00"    }  ],  "after": "de8251ff97ee194a289832576287d6f8ad74e3d0",  "ref": "refs/heads/master"}

)

5361570 172.16.0.109 @ 2012-06-13 11:08:10 : _GET obj: Array
(
    [k] => 5aef35982fb2d34e9d9d4502f6ede1072793222d
)

5361570 172.16.0.109 @ 2012-06-13 11:08:10 : Connection accepted from gitlab
5361570 172.16.0.109 @ 2012-06-13 11:08:10 : Data Submitted:
5361570 172.16.0.109 @ 2012-06-13 11:08:10 : stdClass Object
(
    [before] => 5aef35982fb2d34e9d9d4502f6ede1072793222d
    [user_id] => 4
    [user_name] => John Smith
    [repository] => stdClass Object
        (
            [url] => http://github.com/defunkt/github
            [name] => github
            [description] => You're lookin' at it.
            [watchers] => 5
            [forks] => 2
            [private] => 1
            [owner] => stdClass Object
                (
                    [email] => chris@ozmm.org
                    [name] => defunkt
                )

        )

    [commits] => Array
        (
            [0] => stdClass Object
                (
                    [id] => 41a212ee83ca127e3c8cf465891ab7216a705f59
                    [url] => http://github.com/defunkt/github/commit/41a212ee83ca127e3c8cf465891ab7216a705f59
                    [author] => stdClass Object
                        (
                            [email] => chris@ozmm.org
                            [name] => Chris Wanstrath
                        )

                    [message] => okay i give in
                    [timestamp] => 2008-02-15T14:57:17-08:00
                    [added] => Array
                        (
                            [0] => filepath.rb
                        )

                )

            [1] => stdClass Object
                (
                    [id] => de8251ff97ee194a289832576287d6f8ad74e3d0
                    [url] => http://github.com/defunkt/github/commit/de8251ff97ee194a289832576287d6f8ad74e3d0
                    [author] => stdClass Object
                        (
                            [email] => chris@ozmm.org
                            [name] => Chris Wanstrath
                        )

                    [message] => update pricing a tad
                    [timestamp] => 2008-02-15T14:36:34-08:00
                )

        )

    [after] => de8251ff97ee194a289832576287d6f8ad74e3d0
    [ref] => refs/heads/master
)

5361570 172.16.0.109 @ 2012-06-13 11:08:10 : After commit de8251ff97ee194a289832576287d6f8ad74e3d0 on github
5361570 172.16.0.109 @ 2012-06-13 11:08:10 : Running ./hooks/github.sh
5361570 172.16.0.109 @ 2012-06-13 11:08:10 : test

7929345 172.16.0.108 @ 2012-06-13 11:18:10 : _POST obj: Array
(
)

7929345 172.16.0.108 @ 2012-06-13 11:18:10 : _GET obj: Array
(
    [k] => 5aef35982fb2d34e9d9d4502f6ede1072793222d
)

7929345 172.16.0.108 @ 2012-06-13 11:18:10 : Connection accepted from gitlab
7929345 172.16.0.108 @ 2012-06-13 11:18:10 : No data submitted.
6815933 172.16.0.142 @ 2012-06-13 11:18:50 : _POST obj: Array
(
)

6815933 172.16.0.142 @ 2012-06-13 11:18:50 : _GET obj: Array
(
    [k] => 5aef35982fb2d34e9d9d4502f6ede1072793222d
)

6815933 172.16.0.142 @ 2012-06-13 11:18:50 : Connection accepted from gitlab
6815933 172.16.0.142 @ 2012-06-13 11:18:50 : No data submitted.
3533435 172.16.0.109 @ 2012-06-13 11:23:43 : _POST obj: Array
(
    [payload] => {  "before": "5aef35982fb2d34e9d9d4502f6ede1072793222d",  "user_id": 4,
     "user_name":"John Smith", "repository": {    "url": "http://github.com/defunkt/github",    "name": "github",    "description": "You're lookin' at it.",    "watchers": 5,    "forks": 2,    "private": 1,    "owner": {      "email": "chris@ozmm.org",      "name": "defunkt"    }  },  "commits": [    {      "id": "41a212ee83ca127e3c8cf465891ab7216a705f59",      "url": "http://github.com/defunkt/github/commit/41a212ee83ca127e3c8cf465891ab7216a705f59",      "author": {        "email": "chris@ozmm.org",        "name": "Chris Wanstrath"      },      "message": "okay i give in",      "timestamp": "2008-02-15T14:57:17-08:00",      "added": ["filepath.rb"]    },    {      "id": "de8251ff97ee194a289832576287d6f8ad74e3d0",      "url": "http://github.com/defunkt/github/commit/de8251ff97ee194a289832576287d6f8ad74e3d0",      "author": {        "email": "chris@ozmm.org",        "name": "Chris Wanstrath"      },      "message": "update pricing a tad",      "timestamp": "2008-02-15T14:36:34-08:00"    }  ],  "after": "de8251ff97ee194a289832576287d6f8ad74e3d0",  "ref": "refs/heads/master"}

)

3533435 172.16.0.109 @ 2012-06-13 11:23:43 : _GET obj: Array
(
    [k] => 5aef35982fb2d34e9d9d4502f6ede1072793222d
)

3533435 172.16.0.109 @ 2012-06-13 11:23:43 : Connection accepted from gitlab
3533435 172.16.0.109 @ 2012-06-13 11:23:43 : Data Submitted:
3533435 172.16.0.109 @ 2012-06-13 11:23:43 : stdClass Object
(
    [before] => 5aef35982fb2d34e9d9d4502f6ede1072793222d
    [user_id] => 4
    [user_name] => John Smith
    [repository] => stdClass Object
        (
            [url] => http://github.com/defunkt/github
            [name] => github
            [description] => You're lookin' at it.
            [watchers] => 5
            [forks] => 2
            [private] => 1
            [owner] => stdClass Object
                (
                    [email] => chris@ozmm.org
                    [name] => defunkt
                )

        )

    [commits] => Array
        (
            [0] => stdClass Object
                (
                    [id] => 41a212ee83ca127e3c8cf465891ab7216a705f59
                    [url] => http://github.com/defunkt/github/commit/41a212ee83ca127e3c8cf465891ab7216a705f59
                    [author] => stdClass Object
                        (
                            [email] => chris@ozmm.org
                            [name] => Chris Wanstrath
                        )

                    [message] => okay i give in
                    [timestamp] => 2008-02-15T14:57:17-08:00
                    [added] => Array
                        (
                            [0] => filepath.rb
                        )

                )

            [1] => stdClass Object
                (
                    [id] => de8251ff97ee194a289832576287d6f8ad74e3d0
                    [url] => http://github.com/defunkt/github/commit/de8251ff97ee194a289832576287d6f8ad74e3d0
                    [author] => stdClass Object
                        (
                            [email] => chris@ozmm.org
                            [name] => Chris Wanstrath
                        )

                    [message] => update pricing a tad
                    [timestamp] => 2008-02-15T14:36:34-08:00
                )

        )

    [after] => de8251ff97ee194a289832576287d6f8ad74e3d0
    [ref] => refs/heads/master
)

3533435 172.16.0.109 @ 2012-06-13 11:23:43 : After commit de8251ff97ee194a289832576287d6f8ad74e3d0 on github
3533435 172.16.0.109 @ 2012-06-13 11:23:43 : Running ./hooks/github.sh
3533435 172.16.0.109 @ 2012-06-13 11:23:43 : test

9972944 172.16.0.109 @ 2012-06-13 11:24:11 : _POST obj: Array
(
    [payload] => {  "before": "5aef35982fb2d34e9d9d4502f6ede1072793222d",  "user_id": 4,
     "user_name":"John Smith", "repository": {    "url": "http://github.com/defunkt/github",    "name": "github",    "description": "You're lookin' at it.",    "watchers": 5,    "forks": 2,    "private": 1,    "owner": {      "email": "chris@ozmm.org",      "name": "defunkt"    }  },  "commits": [    {      "id": "41a212ee83ca127e3c8cf465891ab7216a705f59",      "url": "http://github.com/defunkt/github/commit/41a212ee83ca127e3c8cf465891ab7216a705f59",      "author": {        "email": "chris@ozmm.org",        "name": "Chris Wanstrath"      },      "message": "okay i give in",      "timestamp": "2008-02-15T14:57:17-08:00",      "added": ["filepath.rb"]    },    {      "id": "de8251ff97ee194a289832576287d6f8ad74e3d0",      "url": "http://github.com/defunkt/github/commit/de8251ff97ee194a289832576287d6f8ad74e3d0",      "author": {        "email": "chris@ozmm.org",        "name": "Chris Wanstrath"      },      "message": "update pricing a tad",      "timestamp": "2008-02-15T14:36:34-08:00"    }  ],  "after": "de8251ff97ee194a289832576287d6f8ad74e3d0",  "ref": "refs/heads/master"}

)

9972944 172.16.0.109 @ 2012-06-13 11:24:11 : _GET obj: Array
(
    [k] => 5aef35982fb2d34e9d9d4502f6ede1072793222d
)

9972944 172.16.0.109 @ 2012-06-13 11:24:11 : Connection accepted from gitlab
9972944 172.16.0.109 @ 2012-06-13 11:24:11 : Data Submitted:
9972944 172.16.0.109 @ 2012-06-13 11:24:11 : stdClass Object
(
    [before] => 5aef35982fb2d34e9d9d4502f6ede1072793222d
    [user_id] => 4
    [user_name] => John Smith
    [repository] => stdClass Object
        (
            [url] => http://github.com/defunkt/github
            [name] => github
            [description] => You're lookin' at it.
            [watchers] => 5
            [forks] => 2
            [private] => 1
            [owner] => stdClass Object
                (
                    [email] => chris@ozmm.org
                    [name] => defunkt
                )

        )

    [commits] => Array
        (
            [0] => stdClass Object
                (
                    [id] => 41a212ee83ca127e3c8cf465891ab7216a705f59
                    [url] => http://github.com/defunkt/github/commit/41a212ee83ca127e3c8cf465891ab7216a705f59
                    [author] => stdClass Object
                        (
                            [email] => chris@ozmm.org
                            [name] => Chris Wanstrath
                        )

                    [message] => okay i give in
                    [timestamp] => 2008-02-15T14:57:17-08:00
                    [added] => Array
                        (
                            [0] => filepath.rb
                        )

                )

            [1] => stdClass Object
                (
                    [id] => de8251ff97ee194a289832576287d6f8ad74e3d0
                    [url] => http://github.com/defunkt/github/commit/de8251ff97ee194a289832576287d6f8ad74e3d0
                    [author] => stdClass Object
                        (
                            [email] => chris@ozmm.org
                            [name] => Chris Wanstrath
                        )

                    [message] => update pricing a tad
                    [timestamp] => 2008-02-15T14:36:34-08:00
                )

        )

    [after] => de8251ff97ee194a289832576287d6f8ad74e3d0
    [ref] => refs/heads/master
)

9972944 172.16.0.109 @ 2012-06-13 11:24:11 : After commit de8251ff97ee194a289832576287d6f8ad74e3d0 on github
9972944 172.16.0.109 @ 2012-06-13 11:24:11 : Running ./hooks/github.sh
9972944 172.16.0.109 @ 2012-06-13 11:24:12 : test

8614168 172.16.0.109 @ 2012-06-13 11:32:30 : _POST obj: Array
(
    [payload] => {  "before": "5aef35982fb2d34e9d9d4502f6ede1072793222d",  "user_id": 4,
     "user_name":"John Smith", "repository": {    "url": "http://github.com/defunkt/github",    "name": "github",    "description": "You're lookin' at it.",    "watchers": 5,    "forks": 2,    "private": 1,    "owner": {      "email": "chris@ozmm.org",      "name": "defunkt"    }  },  "commits": [    {      "id": "41a212ee83ca127e3c8cf465891ab7216a705f59",      "url": "http://github.com/defunkt/github/commit/41a212ee83ca127e3c8cf465891ab7216a705f59",      "author": {        "email": "chris@ozmm.org",        "name": "Chris Wanstrath"      },      "message": "okay i give in",      "timestamp": "2008-02-15T14:57:17-08:00",      "added": ["filepath.rb"]    },    {      "id": "de8251ff97ee194a289832576287d6f8ad74e3d0",      "url": "http://github.com/defunkt/github/commit/de8251ff97ee194a289832576287d6f8ad74e3d0",      "author": {        "email": "chris@ozmm.org",        "name": "Chris Wanstrath"      },      "message": "update pricing a tad",      "timestamp": "2008-02-15T14:36:34-08:00"    }  ],  "after": "de8251ff97ee194a289832576287d6f8ad74e3d0",  "ref": "refs/heads/master"}

)

8614168 172.16.0.109 @ 2012-06-13 11:32:30 : _GET obj: Array
(
    [k] => 5aef35982fb2d34e9d9d4502f6ede1072793222d
)

8614168 172.16.0.109 @ 2012-06-13 11:32:30 : Connection received from gitlab
8614168 172.16.0.109 @ 2012-06-13 11:32:30 : Connection accepted from gitlab on 172.16.0.109
8614168 172.16.0.109 @ 2012-06-13 11:32:30 : Data Submitted:
8614168 172.16.0.109 @ 2012-06-13 11:32:30 : stdClass Object
(
    [before] => 5aef35982fb2d34e9d9d4502f6ede1072793222d
    [user_id] => 4
    [user_name] => John Smith
    [repository] => stdClass Object
        (
            [url] => http://github.com/defunkt/github
            [name] => github
            [description] => You're lookin' at it.
            [watchers] => 5
            [forks] => 2
            [private] => 1
            [owner] => stdClass Object
                (
                    [email] => chris@ozmm.org
                    [name] => defunkt
                )

        )

    [commits] => Array
        (
            [0] => stdClass Object
                (
                    [id] => 41a212ee83ca127e3c8cf465891ab7216a705f59
                    [url] => http://github.com/defunkt/github/commit/41a212ee83ca127e3c8cf465891ab7216a705f59
                    [author] => stdClass Object
                        (
                            [email] => chris@ozmm.org
                            [name] => Chris Wanstrath
                        )

                    [message] => okay i give in
                    [timestamp] => 2008-02-15T14:57:17-08:00
                    [added] => Array
                        (
                            [0] => filepath.rb
                        )

                )

            [1] => stdClass Object
                (
                    [id] => de8251ff97ee194a289832576287d6f8ad74e3d0
                    [url] => http://github.com/defunkt/github/commit/de8251ff97ee194a289832576287d6f8ad74e3d0
                    [author] => stdClass Object
                        (
                            [email] => chris@ozmm.org
                            [name] => Chris Wanstrath
                        )

                    [message] => update pricing a tad
                    [timestamp] => 2008-02-15T14:36:34-08:00
                )

        )

    [after] => de8251ff97ee194a289832576287d6f8ad74e3d0
    [ref] => refs/heads/master
)

8614168 172.16.0.109 @ 2012-06-13 11:32:30 : After commit de8251ff97ee194a289832576287d6f8ad74e3d0 on github
8614168 172.16.0.109 @ 2012-06-13 11:32:30 : Running ./hooks/github.sh
8614168 172.16.0.109 @ 2012-06-13 11:32:30 : test

5308077 172.16.0.109 @ 2012-06-13 11:41:27 : _POST obj: Array
(
    [payload] => {  "before": "5aef35982fb2d34e9d9d4502f6ede1072793222d",  "user_id": 4,
     "user_name":"John Smith", "repository": {    "url": "http://github.com/defunkt/github",    "name": "github",    "description": "You're lookin' at it.",    "watchers": 5,    "forks": 2,    "private": 1,    "owner": {      "email": "chris@ozmm.org",      "name": "defunkt"    }  },  "commits": [    {      "id": "41a212ee83ca127e3c8cf465891ab7216a705f59",      "url": "http://github.com/defunkt/github/commit/41a212ee83ca127e3c8cf465891ab7216a705f59",      "author": {        "email": "chris@ozmm.org",        "name": "Chris Wanstrath"      },      "message": "okay i give in",      "timestamp": "2008-02-15T14:57:17-08:00",      "added": ["filepath.rb"]    },    {      "id": "de8251ff97ee194a289832576287d6f8ad74e3d0",      "url": "http://github.com/defunkt/github/commit/de8251ff97ee194a289832576287d6f8ad74e3d0",      "author": {        "email": "chris@ozmm.org",        "name": "Chris Wanstrath"      },      "message": "update pricing a tad",      "timestamp": "2008-02-15T14:36:34-08:00"    }  ],  "after": "de8251ff97ee194a289832576287d6f8ad74e3d0",  "ref": "refs/heads/master"}

)

5308077 172.16.0.109 @ 2012-06-13 11:41:27 : _GET obj: Array
(
    [k] => 5aef35982fb2d34e9d9d4502f6ede1072793222d
)

5308077 172.16.0.109 @ 2012-06-13 11:41:27 : Connection received from gitlab
5308077 172.16.0.109 @ 2012-06-13 11:41:27 : Connection accepted from gitlab on 172.16.0.109
5308077 172.16.0.109 @ 2012-06-13 11:41:27 : Data Submitted:
5308077 172.16.0.109 @ 2012-06-13 11:41:27 : stdClass Object
(
    [before] => 5aef35982fb2d34e9d9d4502f6ede1072793222d
    [user_id] => 4
    [user_name] => John Smith
    [repository] => stdClass Object
        (
            [url] => http://github.com/defunkt/github
            [name] => github
            [description] => You're lookin' at it.
            [watchers] => 5
            [forks] => 2
            [private] => 1
            [owner] => stdClass Object
                (
                    [email] => chris@ozmm.org
                    [name] => defunkt
                )

        )

    [commits] => Array
        (
            [0] => stdClass Object
                (
                    [id] => 41a212ee83ca127e3c8cf465891ab7216a705f59
                    [url] => http://github.com/defunkt/github/commit/41a212ee83ca127e3c8cf465891ab7216a705f59
                    [author] => stdClass Object
                        (
                            [email] => chris@ozmm.org
                            [name] => Chris Wanstrath
                        )

                    [message] => okay i give in
                    [timestamp] => 2008-02-15T14:57:17-08:00
                    [added] => Array
                        (
                            [0] => filepath.rb
                        )

                )

            [1] => stdClass Object
                (
                    [id] => de8251ff97ee194a289832576287d6f8ad74e3d0
                    [url] => http://github.com/defunkt/github/commit/de8251ff97ee194a289832576287d6f8ad74e3d0
                    [author] => stdClass Object
                        (
                            [email] => chris@ozmm.org
                            [name] => Chris Wanstrath
                        )

                    [message] => update pricing a tad
                    [timestamp] => 2008-02-15T14:36:34-08:00
                )

        )

    [after] => de8251ff97ee194a289832576287d6f8ad74e3d0
    [ref] => refs/heads/master
)

5308077 172.16.0.109 @ 2012-06-13 11:41:27 : After commit de8251ff97ee194a289832576287d6f8ad74e3d0 on github
5308077 172.16.0.109 @ 2012-06-13 11:41:27 : Running ./hooks/github.sh
5308077 172.16.0.109 @ 2012-06-13 11:41:27 : test

